<?xml version="1.0" encoding="UTF-8"?>
<!-- Generated by org.testng.reporters.JUnitXMLReporter -->
<testsuite ignored="0" hostname="SHWETHA-PC-15S" failures="0" tests="5" name="Test-Edge" time="89.641" errors="0" timestamp="2025-03-10T09:41:50 IST">
  <testcase classname="testCases.OpenCartDataDrivenTest" name="verifyLoginDDT" time="11.198"/>
  <testcase classname="testCases.OpenCartDataDrivenTest" name="verifyLoginDDT" time="20.409"/>
  <testcase classname="testCases.OpenCartDataDrivenTest" name="verifyLoginDDT" time="20.209"/>
  <testcase classname="testCases.OpenCartDataDrivenTest" name="verifyLoginDDT" time="20.057"/>
  <testcase classname="testCases.OpenCartDataDrivenTest" name="verifyLoginDDT" time="10.922"/>
</testsuite> <!-- Test-Edge -->
