<?xml version="1.0" encoding="UTF-8"?>
<!-- Generated by org.testng.reporters.JUnitXMLReporter -->
<testsuite ignored="0" hostname="SHWETHA-PC-15S" failures="0" tests="1" name="Test-Edge" time="9.995" errors="0" timestamp="2025-03-05T13:28:34 IST">
  <testcase classname="testCases.AcccountRegisterTest" name="testSuccessfulRegistration" time="5.235"/>
</testsuite> <!-- Test-Edge -->
