<?xml version="1.0" encoding="UTF-8"?>
<!-- Generated by org.testng.reporters.JUnitXMLReporter -->
<testsuite ignored="0" hostname="SHWETHA-PC-15S" failures="0" tests="1" name="Test-Chrome" time="8.375" errors="0" timestamp="2025-03-06T11:01:54 IST">
  <testcase classname="testCases.LoginTest" name="testSuccessfulLogin" time="1.987"/>
</testsuite> <!-- Test-Chrome -->
