<?xml version="1.0" encoding="UTF-8"?>
<!-- Generated by org.testng.reporters.JUnitXMLReporter -->
<testsuite ignored="0" hostname="SHWETHA-PC-15S" failures="0" tests="1" name="Test-Edge" time="6.88" errors="0" timestamp="2025-03-13T09:59:35 IST">
  <testcase classname="testCases.LoginTest" name="testSuccessfulLogin" time="1.572"/>
</testsuite> <!-- Test-Edge -->
