<?xml version="1.0" encoding="UTF-8"?>
<!-- Generated by org.testng.reporters.JUnitReportReporter -->
<testsuite hostname="SHWETHA-PC-15S" failures="0" tests="3" name="testNewGeneration.FirstTestCase" time="0.024" errors="0" timestamp="2025-02-28T22:09:24 IST" skipped="0">
  <testcase classname="testNewGeneration.FirstTestCase" name="openApp" time="0.020"/>
  <system-out/>
  <testcase classname="testNewGeneration.FirstTestCase" name="login" time="0.003"/>
  <system-out/>
  <testcase classname="testNewGeneration.FirstTestCase" name="logout" time="0.001"/>
  <system-out/>
</testsuite> <!-- testNewGeneration.FirstTestCase -->
