<?xml version="1.0" encoding="UTF-8"?>
<!-- Generated by org.testng.reporters.JUnitReportReporter -->
<testsuite hostname="SHWETHA-PC-15S" failures="0" tests="1" name="testNewGeneration.secondTest" time="0.006" errors="0" timestamp="2025-02-28T22:09:24 IST" skipped="0">
  <testcase classname="testNewGeneration.secondTest" name="f" time="0.006"/>
  <system-out/>
</testsuite> <!-- testNewGeneration.secondTest -->
