<?xml version="1.0" encoding="UTF-8"?>
<!-- Generated by org.testng.reporters.JUnitReportReporter -->
<testsuite hostname="SHWETHA-PC-15S" failures="0" tests="4" name="readData.practiceHere" time="25.105" errors="0" timestamp="2025-03-01T13:05:42 IST" skipped="0">
  <testcase classname="readData.practiceHere" name="testLogin" time="6.292"/>
  <system-out/>
  <testcase classname="readData.practiceHere" name="testLogin" time="6.017"/>
  <system-out/>
  <testcase classname="readData.practiceHere" name="testLogin" time="6.668"/>
  <system-out/>
  <testcase classname="readData.practiceHere" name="testLogin" time="6.128"/>
  <system-out/>
</testsuite> <!-- readData.practiceHere -->
