<?xml version="1.0" encoding="UTF-8"?>
<!-- Generated by org.testng.reporters.JUnitReportReporter -->
<testsuite hostname="SHWETHA-PC-15S" failures="0" tests="1" name="testCases.AcccountRegisterTest" time="1.737" errors="0" timestamp="2025-03-13T12:54:34 IST" skipped="0">
  <testcase classname="testCases.AcccountRegisterTest" name="testSuccessfulRegistration" time="1.737"/>
  <system-out/>
</testsuite> <!-- testCases.AcccountRegisterTest -->
