<?xml version="1.0" encoding="UTF-8"?>
<!-- Generated by org.testng.reporters.JUnitReportReporter -->
<testsuite hostname="SHWETHA-PC-15S" failures="0" tests="1" name="FrameWorkImplementation.OrangeLoginTest" time="2.898" errors="0" timestamp="2025-03-04T09:32:20 IST" skipped="0">
  <testcase classname="FrameWorkImplementation.OrangeLoginTest" name="testLogin" time="2.898"/>
  <system-out/>
</testsuite> <!-- FrameWorkImplementation.OrangeLoginTest -->
