<?xml version="1.0" encoding="UTF-8"?>
<!-- Generated by org.testng.reporters.JUnitReportReporter -->
<testsuite hostname="SHWETHA-PC-15S" failures="0" tests="1" name="testCases.LoginTest" time="1.202" errors="0" timestamp="2025-03-14T13:17:32 IST" skipped="0">
  <testcase classname="testCases.LoginTest" name="testSuccessfulLogin" time="1.202"/>
</testsuite> <!-- testCases.LoginTest -->
