<?xml version="1.0" encoding="UTF-8"?>
<!-- Generated by org.testng.reporters.JUnitReportReporter -->
<testsuite hostname="SHWETHA-PC-15S" failures="0" tests="1" name="testCases.AcccountRegisterTest" time="1.514" errors="0" timestamp="2025-03-13T13:05:58 IST" skipped="0">
  <testcase classname="testCases.AcccountRegisterTest" name="testSuccessfulRegistration" time="1.514"/>
</testsuite> <!-- testCases.AcccountRegisterTest -->
